 Process in group number            1
 A PDF is used, so alpha_s(MZ) is going to be modified
 Old value of alpha_s from param_card:   0.11839999999999999     
  ****************************************
 
       NNPDFDriver version 1.0.3
   Grid: NNPDF23_lo_as_0130_qed_mem0.grid
  ****************************************
 New value of alpha_s from PDF nn23lo1:  0.13000000000000000     
 Define smin to   4.4656142400000001E-002
 Warning: pt or E min of a jet should in general be >0
 *****************************************************
 *               MadGraph/MadEvent                   *
 *        --------------------------------           *
 *          http://madgraph.hep.uiuc.edu             *
 *          http://madgraph.phys.ucl.ac.be           *
 *          http://madgraph.roma2.infn.it            *
 *        --------------------------------           *
 *                                                   *
 *          PARAMETER AND COUPLING VALUES            *
 *                                                   *
 *****************************************************

  External Params
  ---------------------------------
  
 mdl_cabi =   0.22773599999999999     
 aEWM1 =    127.90000000000001     
 mdl_Gf =    1.1663700000000000E-005
 aS =   0.11839999999999999     
 mdl_ymt =    172.00000000000000     
 mdl_ymtau =    1.7769999999999999     
 mdl_lc =    1000.0000000000000     
 mdl_mpi =    1000.0000000000000     
 mdl_FPi53 =    1000.0000000000000     
 mdl_FPi13 =    0.0000000000000000     
 mdl_FPid23 =    0.0000000000000000     
 mdl_FPiu23 =    0.0000000000000000     
 mdl_cabi2 =   0.22773599999999999     
 mdl_MZ =    91.187600000000003     
 mdl_MM =   0.10566000000000000     
 mdl_MTA =    1.7769999999999999     
 mdl_MT =    172.00000000000000     
 mdl_MH =    120.00000000000000     
 mdl_WZ =    2.4952000000000001     
 mdl_WW =    2.0850000000000000     
 mdl_WT =    1.5083359999999999     
 mdl_WH =    5.7530880000000000E-003
 mdl_WPi53uno =    30.000000000000000     
 mdl_WPi13uno =    30.000000000000000     
 mdl_WPiu23uno =    30.000000000000000     
 mdl_WPid23uno =    30.000000000000000     
 mdl_WPi53due =    19.894369999999999     
 mdl_WPi13due =    30.000000000000000     
 mdl_WPiu23due =    30.000000000000000     
 mdl_WPid23due =    30.000000000000000     
 mdl_WPi53tre =    30.000000000000000     
 mdl_WPi13tre =    30.000000000000000     
 mdl_WPiu23tre =    30.000000000000000     
 mdl_WPid23tre =    30.000000000000000     
  Internal Params
  ---------------------------------
  
 mdl_cos__cabi =   0.97418004031982097     
 mdl_CKM1x1 =               (0.97418004031982097,0.0000000000000000)
 mdl_sin__cabi =   0.22577256042856930     
 mdl_CKM1x2 =               (0.22577256042856930,0.0000000000000000)
 mdl_CKM2x1 =              (-0.22577256042856930,0.0000000000000000)
 mdl_CKM2x2 =               (0.97418004031982097,0.0000000000000000)
 mdl_MassB =    1000.0000000000000     
 mdl_ONE1x1 =    1.0000000000000000     
 mdl_ONE1x2 =    1.0000000000000000     
 mdl_ONE1x3 =    1.0000000000000000     
 mdl_ONE2x1 =    1.0000000000000000     
 mdl_ONE2x2 =    1.0000000000000000     
 mdl_ONE2x3 =    1.0000000000000000     
 mdl_ONE3x1 =    1.0000000000000000     
 mdl_ONE3x2 =    1.0000000000000000     
 mdl_ONE3x3 =    1.0000000000000000     
 mdl_FPi13__exp__2 =    0.0000000000000000     
 mdl_lc__exp__2 =    1000000.0000000000     
 mdl_Ypi13 =    0.0000000000000000     
 mdl_FPi53__exp__2 =    1000000.0000000000     
 mdl_Ypi53 =    1.0000000000000000     
 mdl_FPid23__exp__2 =    0.0000000000000000     
 mdl_Ypid23 =    0.0000000000000000     
 mdl_FPiu23__exp__2 =    0.0000000000000000     
 mdl_Ypiu23 =    0.0000000000000000     
 mdl_MZ__exp__2 =    8315.1783937600012     
 mdl_MZ__exp__4 =    69142191.720053151     
 mdl_sqrt__2 =    1.4142135623730951     
 mdl_MH__exp__2 =    14400.000000000000     
 mdl_complexi =                (0.0000000000000000,1.0000000000000000)
 mdl_conjg__CKM1x1 =              (0.97418004031982097,-0.0000000000000000)
 mdl_conjg__CKM1x2 =              (0.22577256042856930,-0.0000000000000000)
 mdl_conjg__CKM2x1 =             (-0.22577256042856930,-0.0000000000000000)
 mdl_conjg__CKM2x2 =              (0.97418004031982097,-0.0000000000000000)
 mdl_aEW =    7.8186082877247844E-003
 mdl_MW =    79.824359746197842     
 mdl_sqrt__aEW =    8.8422894590285753E-002
 mdl_ee =   0.31345100004952897     
 mdl_MW__exp__2 =    6371.9284088904105     
 mdl_sw2 =   0.23369913342182447     
 mdl_cw =   0.87538612427783857     
 mdl_sqrt__sw2 =   0.48342438232036300     
 mdl_sw =   0.48342438232036300     
 mdl_g1 =   0.35807170271074895     
 mdl_gw =   0.64839716719502682     
 mdl_vev =    246.22056907348590     
 mdl_vev__exp__2 =    60624.568634871241     
 mdl_lam =   0.11876373163764767     
 mdl_yt =   0.98791394091683138     
 mdl_ytau =    1.0206529494239589E-002
 mdl_muH =    84.852813742385706     
 mdl_ee__exp__2 =    9.8251529432049817E-002
 mdl_sw__exp__2 =   0.23369913342182450     
 mdl_cw__exp__2 =   0.76630086657817542     
  Internal Params evaluated point by point
  ----------------------------------------
  
 mdl_sqrt__aS =   0.34409301068170506     
 mdl_G__exp__2 =    1.4878582807401259     
  Couplings of SheSheng_onlyLQ_diffCoup
  ---------------------------------
  
        GC_15 =  -0.00000E+00  -0.12198E+01
        GC_16 =   0.00000E+00   0.12198E+01
        GC_62 =   0.00000E+00   0.10000E+01

 Collider parameters:
 --------------------

 Running at P P   machine @    13000.000000000000       GeV
 PDF set = nn23lo1
 alpha_s(Mz)= 0.1300 running at 2 loops.
 alpha_s(Mz)= 0.1300 running at 2 loops.
 Renormalization scale set on event-by-event basis
 Factorization   scale set on event-by-event basis


 getting user params
Enter number of events and max and min iterations: 
 Number of events and iterations         1000           5           3
Enter desired fractional accuracy: 
 Desired fractional accuracy:   0.10000000000000001     
Enter 0 for fixed, 2 for adjustable grid: 
Suppress amplitude (0 no, 1 yes)? 
 Using suppressed amplitude.
Exact helicity sum (0 yes, n = number/event)? 
 Explicitly summing over helicities
Enter Configuration Number: 
Running Configuration Number:    1
 Not subdividing B.W.
 Attempting mappinvarients           1           5
 Determine nb_t
 T-channel found:            0
 Completed mapping           5
 about to integrate            7        1000           5           3           7           1
 Using non-zero grid deformation.
  7 dimensions   1000 events  7 invarients  5 iterations  1 config(s),  (0.99)
 Using h-tuple random number sequence.
 Error opening grid
 Using Uniform Grid!          20
 Using uniform alpha   1.0000000000000000     
 Grid defined OK
 Set CM energy to      13000.00
 Mapping Graph           1  to config           1
 Determine nb_t
 T-channel found:            0
 Setting BW          -1           1   1000.0000000000000     
Setting grid   2    0.29134E-02   1
 Transforming s_hat 1/s            6   2.9961682217858145E-003   4.4656142400000001E-002   168999999.99999997     
   1   1   2   3   4   5   6   7
 Masses: 0.000E+00 0.000E+00 0.106E+00 0.000E+00 0.106E+00
Using random seed offsets     1 :      1
  with seed                   42
 Ranmar initialization seeds       22920        9417
 
 ********************************************
 * You are using the DiscreteSampler module *
 *      part of the MG5_aMC framework       *
 *         Author: Valentin Hirschi         *
 ********************************************
 
  Particle       3       4       5
      Et >     0.0     0.0    10.0
       E >     0.0     0.0     0.0
     Eta <    -1.0    -1.0     2.5
   xqcut:      0.0     0.0     0.0
d R # 3  >    -0.0     0.0     0.0
d R # 4  >    -0.0    -0.0     0.0
s min # 3>     0.0     0.0     0.0
s min # 4>     0.0     0.0     0.0
xqcutij # 3>     0.0     0.0     0.0
xqcutij # 4>     0.0     0.0     0.0
 No cut BW           -1           1
 alpha_s for scale    599.49229792664130       is    9.9064597669564561E-002
 RESET CUMULATIVE VARIABLE
 Iteration  1   Mean: 0.1306E-04 Abs mean: 0.1306E-04   Fluctuation:  0.227E-05   0.122E-02    60.7%
  1    0.1306E-04 0.1306E-04 +- 0.2265E-05      5.49
 Writing out events   4.3040813585798022E-009   5.4857838881972674     
 Relative summed weights:
  0.3684E+00  0.6316E+00
 Relative number of events:
  0.4980E+00  0.5020E+00
 Events:
         501         505
 Iteration  2   Mean: 0.1456E-04 Abs mean: 0.1456E-04   Fluctuation:  0.719E-06   0.354E-03    88.6%
  2    0.1456E-04 0.1456E-04 +- 0.7193E-06      2.21
 Relative summed weights:
  0.4983E+00  0.5017E+00
 Relative number of events:
  0.5025E+00  0.4975E+00
 Events:
        1005         995
 Iteration  3   Mean: 0.1382E-04 Abs mean: 0.1382E-04   Fluctuation:  0.274E-06   0.340E-03    93.7%
  3    0.1382E-04 0.1382E-04 +- 0.2743E-06      1.25
 Relative summed weights:
  0.4863E+00  0.5137E+00
 Relative number of events:
  0.4983E+00  0.5018E+00
 Events:
        1993        2007
 Accuracy:    0.014   0.100   0.018   0.552
 Finished due to accuracy    1.3602387646918013E-002  0.10000000000000001     

 -------------------------------------------------------------------------------
 Accumulated results:   Integral =  0.1392E-04
                        Std dev  =  0.2548E-06
                       Cross sec =  0.1392E-04
             Chi**2 per DoF.     =      0.5519
 -------------------------------------------------------------------------------
 Found          401  events.
 Wrote          397  events.
 Actual xsec    1.3915055163633554E-005
 Correct abs xsec    1.3915055163633630E-005
 Event xsec    1.3915055163633715E-005
 Events wgts > 1:            5
 % Cross section > 1:    6.9501852709458519E-008  0.49947234769933252     
-------------------------------------------------
---------------------------
 Results Last   3 iters: Integral =   0.1392E-04
                     Abs integral =   0.1392E-04
                          Std dev =   0.2548E-06
                  Chi**2 per DoF. =      0.5239
-------------------------------------------------
---------------------------
 Status  0.10000000000000001                4           5

ls status:
events.lhe
ftn26
input_app.txt
m1000_log.txt
m1000_ptjmin20_log.txt
results.dat
run1_app.log
