==== LHAPDF6 USING DEFAULT-TYPE LHAGLUE INTERFACE ====
LHAPDF 6.3.0 loading /panfs/accrepfs.vampire/home/gaglijt1/MG/MG5_aMC_v3_2_0/HEPTools/lhapdf6_py3//share/LHAPDF/NNPDF31_lo_as_0118/NNPDF31_lo_as_0118_0000.dat
NNPDF31_lo_as_0118 PDF set, member #0, version 1; LHAPDF ID = 315000
 Process in group number            1
 A PDF is used, so alpha_s(MZ) is going to be modified
 Old value of alpha_s from param_card:   0.11839999999999999     
 New value of alpha_s from PDF lhapdf :  0.11800204993169522     
 using LHAPDF
 Define smin to   500.00000000000000     
 Define smin to   500.00000000000000     
 Define smin to   500.00000000000000     
 Define smin to   500.00000000000000     
 *****************************************************
 *               MadGraph/MadEvent                   *
 *        --------------------------------           *
 *          http://madgraph.hep.uiuc.edu             *
 *          http://madgraph.phys.ucl.ac.be           *
 *          http://madgraph.roma2.infn.it            *
 *        --------------------------------           *
 *                                                   *
 *          PARAMETER AND COUPLING VALUES            *
 *                                                   *
 *****************************************************

  External Params
  ---------------------------------
  
 mdl_cabi =   0.22773599999999999     
 aEWM1 =    127.90000000000001     
 mdl_Gf =    1.1663700000000000E-005
 aS =   0.11839999999999999     
 mdl_ymt =    172.00000000000000     
 mdl_ymtau =    1.7769999999999999     
 mdl_lc =    1000.0000000000000     
 mdl_mpi =    1000.0000000000000     
 mdl_FPi53 =    1000.0000000000000     
 mdl_FPi13 =    0.0000000000000000     
 mdl_FPid23 =    0.0000000000000000     
 mdl_FPiu23 =    0.0000000000000000     
 mdl_cabi2 =   0.22773599999999999     
 mdl_MZ =    91.187600000000003     
 mdl_MM =   0.10566000000000000     
 mdl_MTA =    1.7769999999999999     
 mdl_MT =    172.00000000000000     
 mdl_MH =    120.00000000000000     
 mdl_WZ =    2.4952000000000001     
 mdl_WW =    2.0850000000000000     
 mdl_WT =    1.5083359999999999     
 mdl_WH =    5.7530880000000000E-003
 mdl_WPi53uno =    30.000000000000000     
 mdl_WPi13uno =    30.000000000000000     
 mdl_WPiu23uno =    30.000000000000000     
 mdl_WPid23uno =    30.000000000000000     
 mdl_WPi53due =    19.894369999999999     
 mdl_WPi13due =    30.000000000000000     
 mdl_WPiu23due =    30.000000000000000     
 mdl_WPid23due =    30.000000000000000     
 mdl_WPi53tre =    30.000000000000000     
 mdl_WPi13tre =    30.000000000000000     
 mdl_WPiu23tre =    30.000000000000000     
 mdl_WPid23tre =    30.000000000000000     
  Internal Params
  ---------------------------------
  
 mdl_cos__cabi =   0.97418004031982097     
 mdl_CKM1x1 =               (0.97418004031982097,0.0000000000000000)
 mdl_sin__cabi =   0.22577256042856930     
 mdl_CKM1x2 =               (0.22577256042856930,0.0000000000000000)
 mdl_CKM2x1 =              (-0.22577256042856930,0.0000000000000000)
 mdl_CKM2x2 =               (0.97418004031982097,0.0000000000000000)
 mdl_MassB =    1000.0000000000000     
 mdl_ONE1x1 =    1.0000000000000000     
 mdl_ONE1x2 =    1.0000000000000000     
 mdl_ONE1x3 =    1.0000000000000000     
 mdl_ONE2x1 =    1.0000000000000000     
 mdl_ONE2x2 =    1.0000000000000000     
 mdl_ONE2x3 =    1.0000000000000000     
 mdl_ONE3x1 =    1.0000000000000000     
 mdl_ONE3x2 =    1.0000000000000000     
 mdl_ONE3x3 =    1.0000000000000000     
 mdl_FPi13__exp__2 =    0.0000000000000000     
 mdl_lc__exp__2 =    1000000.0000000000     
 mdl_Ypi13 =    0.0000000000000000     
 mdl_FPi53__exp__2 =    1000000.0000000000     
 mdl_Ypi53 =    1.0000000000000000     
 mdl_FPid23__exp__2 =    0.0000000000000000     
 mdl_Ypid23 =    0.0000000000000000     
 mdl_FPiu23__exp__2 =    0.0000000000000000     
 mdl_Ypiu23 =    0.0000000000000000     
 mdl_MZ__exp__2 =    8315.1783937600012     
 mdl_MZ__exp__4 =    69142191.720053151     
 mdl_sqrt__2 =    1.4142135623730951     
 mdl_MH__exp__2 =    14400.000000000000     
 mdl_complexi =                (0.0000000000000000,1.0000000000000000)
 mdl_conjg__CKM1x1 =              (0.97418004031982097,-0.0000000000000000)
 mdl_conjg__CKM1x2 =              (0.22577256042856930,-0.0000000000000000)
 mdl_conjg__CKM2x1 =             (-0.22577256042856930,-0.0000000000000000)
 mdl_conjg__CKM2x2 =              (0.97418004031982097,-0.0000000000000000)
 mdl_aEW =    7.8186082877247844E-003
 mdl_MW =    79.824359746197842     
 mdl_sqrt__aEW =    8.8422894590285753E-002
 mdl_ee =   0.31345100004952897     
 mdl_MW__exp__2 =    6371.9284088904105     
 mdl_sw2 =   0.23369913342182447     
 mdl_cw =   0.87538612427783857     
 mdl_sqrt__sw2 =   0.48342438232036300     
 mdl_sw =   0.48342438232036300     
 mdl_g1 =   0.35807170271074895     
 mdl_gw =   0.64839716719502682     
 mdl_vev =    246.22056907348590     
 mdl_vev__exp__2 =    60624.568634871241     
 mdl_lam =   0.11876373163764767     
 mdl_yt =   0.98791394091683138     
 mdl_ytau =    1.0206529494239589E-002
 mdl_muH =    84.852813742385706     
 mdl_ee__exp__2 =    9.8251529432049817E-002
 mdl_sw__exp__2 =   0.23369913342182450     
 mdl_cw__exp__2 =   0.76630086657817542     
  Internal Params evaluated point by point
  ----------------------------------------
  
 mdl_sqrt__aS =   0.34409301068170506     
 mdl_G__exp__2 =    1.4878582807401259     
  Couplings of SheSheng_onlyLQ_diffCoup
  ---------------------------------
  
        GC_15 =  -0.00000E+00  -0.12198E+01
        GC_16 =   0.00000E+00   0.12198E+01
        GC_62 =   0.00000E+00   0.10000E+01
        GC_63 =   0.00000E+00   0.00000E+00

 Collider parameters:
 --------------------

 Running at P P   machine @    13000.000000000000       GeV
 PDF set = lhapdf 
 alpha_s(Mz)= 0.1180 running at 1 loops.
 alpha_s(Mz)= 0.1180 running at 1 loops.
 Renormalization scale set on event-by-event basis
 Factorization   scale set on event-by-event basis


 getting user params
Enter number of events and max and min iterations: 
 Number of events and iterations         1000           5           3
Enter desired fractional accuracy: 
 Desired fractional accuracy:   0.10000000000000001     
Enter 0 for fixed, 2 for adjustable grid: 
Suppress amplitude (0 no, 1 yes)? 
 Using suppressed amplitude.
Exact helicity sum (0 yes, n = number/event)? 
 Explicitly summing over helicities
Enter Configuration Number: 
Running Configuration Number:    2
 Not subdividing B.W.
 Attempting mappinvarients           1           5
 Determine nb_t
 T-channel found:            2
 Completed mapping           5
 about to integrate            7        1000           7           3           7           1
 Using non-zero grid deformation.
  7 dimensions   1000 events  7 invarients  7 iterations  1 config(s),  (0.99)
 Using h-tuple random number sequence.
 Error opening grid
 Using Uniform Grid!          20
 Using uniform alpha   1.0000000000000000     
 Grid defined OK
 Set CM energy to      13000.00
 Mapping Graph           2  to config           2
 Determine nb_t
 T-channel found:            2
Setting grid   1    0.59172E-06   1
Setting grid   2    0.59172E-06   1
 Transforming s_hat 1/s            6   5.3254437869822491E-006   500.00000000000000        168999999.99999997     
   2   1   2   3   4   5   6   7
 Masses: 0.000E+00 0.000E+00 0.106E+00 0.106E+00 0.000E+00
Using random seed offsets     2 :      1
  with seed                   24
 Ranmar initialization seeds       31060        9398
 
 ********************************************
 * You are using the DiscreteSampler module *
 *      part of the MG5_aMC framework       *
 *         Author: Valentin Hirschi         *
 ********************************************
 
  Particle       3       4       5
      Et >    10.0    10.0    10.0
       E >     0.0     0.0     0.0
     Eta <     2.5     2.5     5.0
   xqcut:      0.0     0.0     0.0
d R # 3  >    -0.0     0.4     0.4
d R # 4  >    -0.0    -0.0     0.4
s min # 3>     0.0     0.0     0.0
s min # 4>     0.0     0.0     0.0
xqcutij # 3>     0.0     0.0     0.0
xqcutij # 4>     0.0     0.0     0.0
 No cut BW           -2           1
 alpha_s for scale    17.202547632107009       is   0.15529640198065450     
 RESET CUMULATIVE VARIABLE
 Iteration  1   Mean: 0.9123E-02 Abs mean: 0.9123E-02   Fluctuation:  0.383E-02   0.329E+01     3.6%
  1    0.9123E-02 0.9123E-02 +- 0.3834E-02     13.29
 Writing out events   3.6144239533865323E-005   13.291236590643576     
 Relative summed weights:
  0.1787E+00  0.1483E+00  0.0000E+00  0.0000E+00  0.0000E+00  0.0000E+00  0.0000E+00  0.0000E+00
  0.0000E+00  0.0000E+00  0.0000E+00  0.0000E+00  0.5862E-01  0.6143E+00  0.0000E+00  0.0000E+00
 Relative number of events:
  0.2328E+00  0.2408E+00  0.0000E+00  0.0000E+00  0.0000E+00  0.0000E+00  0.0000E+00  0.0000E+00
  0.0000E+00  0.0000E+00  0.0000E+00  0.0000E+00  0.2687E+00  0.2577E+00  0.0000E+00  0.0000E+00
 Events:
         234         242           0           0           0           0           0           0
           0           0           0           0         270         259           0           0
 Iteration  2   Mean: 0.6588E-02 Abs mean: 0.6588E-02   Fluctuation:  0.138E-02   0.199E+01    18.5%
  2    0.6588E-02 0.6588E-02 +- 0.1381E-02      9.38
 Relative summed weights:
  0.1210E+00  0.1483E+00  0.0000E+00  0.0000E+00  0.0000E+00  0.0000E+00  0.0000E+00  0.0000E+00
  0.0000E+00  0.0000E+00  0.0000E+00  0.0000E+00  0.3330E+00  0.3978E+00  0.0000E+00  0.0000E+00
 Relative number of events:
  0.2418E+00  0.2544E+00  0.0000E+00  0.0000E+00  0.0000E+00  0.0000E+00  0.0000E+00  0.0000E+00
  0.0000E+00  0.0000E+00  0.0000E+00  0.0000E+00  0.2554E+00  0.2484E+00  0.0000E+00  0.0000E+00
 Events:
         482         507           0           0           0           0           0           0
           0           0           0           0         509         495           0           0
 Iteration  3   Mean: 0.1303E-01 Abs mean: 0.1303E-01   Fluctuation:  0.424E-02   0.141E+02    31.0%
  3    0.1303E-01 0.1303E-01 +- 0.4237E-02     20.56
 Relative summed weights:
  0.1143E+00  0.2107E+00  0.0000E+00  0.0000E+00  0.0000E+00  0.0000E+00  0.0000E+00  0.0000E+00
  0.0000E+00  0.0000E+00  0.0000E+00  0.0000E+00  0.5363E+00  0.1387E+00  0.0000E+00  0.0000E+00
 Relative number of events:
  0.2517E+00  0.2499E+00  0.0000E+00  0.0000E+00  0.0000E+00  0.0000E+00  0.0000E+00  0.0000E+00
  0.0000E+00  0.0000E+00  0.0000E+00  0.0000E+00  0.2519E+00  0.2464E+00  0.0000E+00  0.0000E+00
 Events:
        1003         996           0           0           0           0           0           0
           0           0           0           0        1004         982           0           0
 Accuracy:    0.224   0.100   0.163   1.901
 Found          679  events.
 Wrote            2  events.
 Actual xsec    8.5774325943688088E-003
 Correct abs xsec    8.5780314121055856E-003
 Event xsec    8.5780314121055856E-003
 Events wgts > 1:            0
 % Cross section > 1:    0.0000000000000000        0.0000000000000000     
 Iteration  4   Mean: 0.1051E-01 Abs mean: 0.1051E-01   Fluctuation:  0.126E-02   0.682E+01    41.2%
  4    0.1051E-01 0.1051E-01 +- 0.1262E-02     10.74
 Relative summed weights:
  0.2064E+00  0.2413E+00  0.0000E+00  0.0000E+00  0.0000E+00  0.0000E+00  0.0000E+00  0.0000E+00
  0.0000E+00  0.0000E+00  0.0000E+00  0.0000E+00  0.2248E+00  0.3274E+00  0.0000E+00  0.0000E+00
 Relative number of events:
  0.2462E+00  0.2502E+00  0.0000E+00  0.0000E+00  0.0000E+00  0.0000E+00  0.0000E+00  0.0000E+00
  0.0000E+00  0.0000E+00  0.0000E+00  0.0000E+00  0.2505E+00  0.2531E+00  0.0000E+00  0.0000E+00
 Events:
        1968        2000           0           0           0           0           0           0
           0           0           0           0        2002        2023           0           0
 Accuracy:    0.109   0.100   0.097   1.280
 Found          824  events.
 Wrote           12  events.
 Actual xsec    9.8648152928049928E-003
 Correct abs xsec    9.8650379496973174E-003
 Event xsec    9.8650379496973157E-003
 Events wgts > 1:            1
 % Cross section > 1:    4.0789500032820114E-011   4.1347534840523992E-007
 Iteration  5   Mean: 0.1125E-01 Abs mean: 0.1125E-01   Fluctuation:  0.686E-03   0.507E+01    45.9%
  5    0.1125E-01 0.1125E-01 +- 0.6864E-03      7.72
 Relative summed weights:
  0.2474E+00  0.2917E+00  0.0000E+00  0.0000E+00  0.0000E+00  0.0000E+00  0.0000E+00  0.0000E+00
  0.0000E+00  0.0000E+00  0.0000E+00  0.0000E+00  0.2362E+00  0.2247E+00  0.0000E+00  0.0000E+00
 Relative number of events:
Thanks for using LHAPDF 6.3.0. Please make sure to cite the paper:
  Eur.Phys.J. C75 (2015) 3, 132  (http://arxiv.org/abs/1412.7420)
  0.2480E+00  0.2467E+00  0.0000E+00  0.0000E+00  0.0000E+00  0.0000E+00  0.0000E+00  0.0000E+00
  0.0000E+00  0.0000E+00  0.0000E+00  0.0000E+00  0.2585E+00  0.2468E+00  0.0000E+00  0.0000E+00
 Events:
        3965        3944           0           0           0           0           0           0
           0           0           0           0        4132        3945           0           0
 Accuracy:    0.055   0.100   0.052   1.118
 Finished due to accuracy    5.4553108000346712E-002  0.10000000000000001     

 -------------------------------------------------------------------------------
 Accumulated results:   Integral =  0.1084E-01
                        Std dev  =  0.5594E-03
                       Cross sec =  0.1084E-01
             Chi**2 per DoF.     =      1.1179
 -------------------------------------------------------------------------------
 Found         2077  events.
 Wrote           48  events.
 Actual xsec    1.1148055312048400E-002
 Correct abs xsec    1.1148138530645111E-002
 Event xsec    1.1148138530645108E-002
 Events wgts > 1:            3
 % Cross section > 1:    1.0532641573570228E-004  0.94478926186798451     
-------------------------------------------------
---------------------------
 Results Last   3 iters: Integral =   0.1115E-01
                     Abs integral =   0.1115E-01
                          Std dev =   0.5983E-03
                  Chi**2 per DoF. =      0.2383
-------------------------------------------------
---------------------------
 Status  0.10000000000000001                6           7

ls status:
events.lhe
ftn26
input_app.txt
results.dat
run1_app.log
