# mur		muf		alpsfact	dynamical_scale	pdf		cross-section
1.0		1.0		1.0		-1		315000		0.009628029879847512
0.5		0.5		1.0		-1		315000		0.011275301718322486
0.5		0.5		1.0		1		315000		0.010629184233874836
0.5		0.5		1.0		2		315000		0.010629184148126334
0.5		0.5		1.0		3		315000		0.012500359137574418
0.5		0.5		1.0		4		315000		0.010000640460332073
0.5		1.0		1.0		-1		315000		0.010426836047355665
0.5		1.0		1.0		1		315000		0.009841440199110353
0.5		1.0		1.0		2		315000		0.009841440119066744
0.5		1.0		1.0		3		315000		0.011544237587209748
0.5		1.0		1.0		4		315000		0.009267831436172484
0.5		2.0		1.0		-1		315000		0.009671195251248035
0.5		2.0		1.0		1		315000		0.009137579923188099
0.5		2.0		1.0		2		315000		0.009137579848747177
0.5		2.0		1.0		3		315000		0.010689121296372756
0.5		2.0		1.0		4		315000		0.008613354681097465
1.0		0.5		1.0		-1		315000		0.010411888709619482
1.0		0.5		1.0		1		315000		0.00984875337649362
1.0		0.5		1.0		2		315000		0.009848753300850601
1.0		0.5		1.0		3		315000		0.011510085707110802
1.0		0.5		1.0		4		315000		0.009287995176282262
1.0		1.0		1.0		1		315000		0.009118525452848377
1.0		1.0		1.0		2		315000		0.009118525382269661
1.0		1.0		1.0		3		315000		0.010629184148126334
1.0		1.0		1.0		4		315000		0.008607157746629573
1.0		2.0		1.0		-1		315000		0.008929980987375812
1.0		2.0		1.0		1		315000		0.008466110273296296
1.0		2.0		1.0		2		315000		0.008466110207696687
1.0		2.0		1.0		3		315000		0.009841440119066744
1.0		2.0		1.0		4		315000		0.007999133079509379
2.0		0.5		1.0		-1		315000		0.00967137787193094
2.0		0.5		1.0		1		315000		0.009175233255295914
2.0		0.5		1.0		2		315000		0.009175233187827975
2.0		0.5		1.0		3		315000		0.01066542383983045
2.0		0.5		1.0		4		315000		0.00867020572046137
2.0		1.0		1.0		-1		315000		0.008942977159315545
2.0		1.0		1.0		1		315000		0.008494683483954876
2.0		1.0		1.0		2		315000		0.008494683421029022
2.0		1.0		1.0		3		315000		0.009848753300850601
2.0		1.0		1.0		4		315000		0.008034452508905637
2.0		2.0		1.0		-1		315000		0.008294357834522597
2.0		2.0		1.0		1		315000		0.007886695844173966
2.0		2.0		1.0		2		315000		0.00788669578571873
2.0		2.0		1.0		3		315000		0.009118525382269661
2.0		2.0		1.0		4		315000		0.007466719631018035
1.0		1.0		1.0		-1		315000		0.009628029879847512
1.0		1.0		1.0		-1		315001		0.013931681025685155
1.0		1.0		1.0		-1		315002		0.011956363154921651
1.0		1.0		1.0		-1		315003		0.006564746444161837
1.0		1.0		1.0		-1		315004		0.014478714898923628
1.0		1.0		1.0		-1		315005		0.00551707489785338
1.0		1.0		1.0		-1		315006		0.005652462236726414
1.0		1.0		1.0		-1		315007		0.014008159711815784
1.0		1.0		1.0		-1		315008		0.004778243227765697
1.0		1.0		1.0		-1		315009		0.005392658612305093
1.0		1.0		1.0		-1		315010		0.008162583773785164
1.0		1.0		1.0		-1		315011		0.01125173932478401
1.0		1.0		1.0		-1		315012		0.012264129763717364
1.0		1.0		1.0		-1		315013		0.01526589356197237
1.0		1.0		1.0		-1		315014		0.005117415118220367
1.0		1.0		1.0		-1		315015		0.005701888783125925
1.0		1.0		1.0		-1		315016		0.007110995012885286
1.0		1.0		1.0		-1		315017		0.005314656278397838
1.0		1.0		1.0		-1		315018		0.004919718725187918
1.0		1.0		1.0		-1		315019		0.008807159078194892
1.0		1.0		1.0		-1		315020		0.005677730161143588
1.0		1.0		1.0		-1		315021		0.0058592800617170634
1.0		1.0		1.0		-1		315022		0.011948180946164073
1.0		1.0		1.0		-1		315023		0.005180948312970493
1.0		1.0		1.0		-1		315024		0.015285223530798994
1.0		1.0		1.0		-1		315025		0.00964634277169597
1.0		1.0		1.0		-1		315026		0.005416426576681394
1.0		1.0		1.0		-1		315027		0.010632933076793524
1.0		1.0		1.0		-1		315028		0.014268065723106562
1.0		1.0		1.0		-1		315029		0.012953541964641909
1.0		1.0		1.0		-1		315030		0.012701134570576457
1.0		1.0		1.0		-1		315031		0.008429256431264052
1.0		1.0		1.0		-1		315032		0.01464950053309406
1.0		1.0		1.0		-1		315033		0.007048134018377005
1.0		1.0		1.0		-1		315034		0.014098683938369258
1.0		1.0		1.0		-1		315035		0.005562253611121998
1.0		1.0		1.0		-1		315036		0.01515741990278763
1.0		1.0		1.0		-1		315037		0.01464847691316949
1.0		1.0		1.0		-1		315038		0.012054801281193657
1.0		1.0		1.0		-1		315039		0.00800595621172216
1.0		1.0		1.0		-1		315040		0.013339200889890794
1.0		1.0		1.0		-1		315041		0.014623095172317272
1.0		1.0		1.0		-1		315042		0.010825837096645089
1.0		1.0		1.0		-1		315043		0.012490496760828853
1.0		1.0		1.0		-1		315044		0.016020933295113525
1.0		1.0		1.0		-1		315045		0.011236084652527671
1.0		1.0		1.0		-1		315046		0.006032821957827852
1.0		1.0		1.0		-1		315047		0.00487610368914196
1.0		1.0		1.0		-1		315048		0.005827339877756336
1.0		1.0		1.0		-1		315049		0.006017537434942286
1.0		1.0		1.0		-1		315050		0.004697518021374062
1.0		1.0		1.0		-1		315051		0.00439038169163811
1.0		1.0		1.0		-1		315052		0.013066875980270926
1.0		1.0		1.0		-1		315053		0.007040357345301053
1.0		1.0		1.0		-1		315054		0.01753569978410603
1.0		1.0		1.0		-1		315055		0.004742378432695632
1.0		1.0		1.0		-1		315056		0.012067037940859237
1.0		1.0		1.0		-1		315057		0.00965846135332689
1.0		1.0		1.0		-1		315058		0.016810595641931627
1.0		1.0		1.0		-1		315059		0.01611735124906882
1.0		1.0		1.0		-1		315060		0.015652133785662183
1.0		1.0		1.0		-1		315061		0.009774489841018492
1.0		1.0		1.0		-1		315062		0.005847765895879376
1.0		1.0		1.0		-1		315063		0.00936529641174347
1.0		1.0		1.0		-1		315064		0.0063997820845974225
1.0		1.0		1.0		-1		315065		0.006608900561188983
1.0		1.0		1.0		-1		315066		0.005379840348866665
1.0		1.0		1.0		-1		315067		0.013162072957183035
1.0		1.0		1.0		-1		315068		0.013157570925693708
1.0		1.0		1.0		-1		315069		0.004437418136974174
1.0		1.0		1.0		-1		315070		0.015577462600933767
1.0		1.0		1.0		-1		315071		0.006168509245574787
1.0		1.0		1.0		-1		315072		0.006135480839680119
1.0		1.0		1.0		-1		315073		0.008035173305669474
1.0		1.0		1.0		-1		315074		0.014215439014624713
1.0		1.0		1.0		-1		315075		0.005570580620064041
1.0		1.0		1.0		-1		315076		0.012234516702431905
1.0		1.0		1.0		-1		315077		0.013505045061628107
1.0		1.0		1.0		-1		315078		0.014852538936444195
1.0		1.0		1.0		-1		315079		0.014842481537376592
1.0		1.0		1.0		-1		315080		0.006396256969019516
1.0		1.0		1.0		-1		315081		0.004057614812413007
1.0		1.0		1.0		-1		315082		0.011794078382909952
1.0		1.0		1.0		-1		315083		0.004676520028675231
1.0		1.0		1.0		-1		315084		0.012093021861763106
1.0		1.0		1.0		-1		315085		0.01438249670783687
1.0		1.0		1.0		-1		315086		0.004232006405061792
1.0		1.0		1.0		-1		315087		0.012921559894851942
1.0		1.0		1.0		-1		315088		0.004425474134675309
1.0		1.0		1.0		-1		315089		0.0055826448797253354
1.0		1.0		1.0		-1		315090		0.007268347183208457
1.0		1.0		1.0		-1		315091		0.00595657272963321
1.0		1.0		1.0		-1		315092		0.005747058954727013
1.0		1.0		1.0		-1		315093		0.015017426158416183
1.0		1.0		1.0		-1		315094		0.01313350017463573
1.0		1.0		1.0		-1		315095		0.012728868977439356
1.0		1.0		1.0		-1		315096		0.014891797272961504
1.0		1.0		1.0		-1		315097		0.006146875486315929
1.0		1.0		1.0		-1		315098		0.006619912655569856
1.0		1.0		1.0		-1		315099		0.005733629925718477
1.0		1.0		1.0		-1		315100		0.014487455747743048

#***************************************************************************
#
# original cross-section: 0.009628029879847512
#     scale variation: +17.1% -13.9%
#     central scheme variation: +10.4% -10.6%
# PDF variation: +42.3% -42.3%
#
# dynamical scheme # 1 : 0.00911853 +16.6% -13.5% # \sum ET
# dynamical scheme # 2 : 0.00911853 +16.6% -13.5% # \sum\sqrt{m^2+pt^2}
# dynamical scheme # 3 : 0.0106292 +17.6% -14.2% # 0.5 \sum\sqrt{m^2+pt^2}
# dynamical scheme # 4 : 0.00860716 +16.2% -13.2% # \sqrt{\hat s}
#***************************************************************************
