# mur		muf		alpsfact	dynamical_scale	pdf		cross-section
1.0		1.0		1.0		-1		315000		0.003573827958816591
0.5		0.5		1.0		-1		315000		0.004683277575520714
0.5		0.5		1.0		1		315000		0.0038698684291533355
0.5		0.5		1.0		2		315000		0.0038698684114121373
0.5		0.5		1.0		3		315000		0.005119012994131488
0.5		0.5		1.0		4		315000		0.0034938885591029663
0.5		1.0		1.0		-1		315000		0.004084716392058086
0.5		1.0		1.0		1		315000		0.003402748613793482
0.5		1.0		1.0		2		315000		0.00340274859904486
0.5		1.0		1.0		3		315000		0.004442852687686749
0.5		1.0		1.0		4		315000		0.0030878264940818845
0.5		2.0		1.0		-1		315000		0.0036025167430670515
0.5		2.0		1.0		1		315000		0.0030220300281291793
0.5		2.0		1.0		2		315000		0.003022030015669887
0.5		2.0		1.0		3		315000		0.0039021221741290307
0.5		2.0		1.0		4		315000		0.002754327714447244
1.0		0.5		1.0		-1		315000		0.004092685072991369
1.0		0.5		1.0		1		315000		0.003412269120054566
1.0		0.5		1.0		2		315000		0.0034122691052317607
1.0		0.5		1.0		3		315000		0.004453289727518523
1.0		0.5		1.0		4		315000		0.0030942371302989788
1.0		1.0		1.0		1		315000		0.003003904414550588
1.0		1.0		1.0		2		315000		0.003003904402239116
1.0		1.0		1.0		3		315000		0.0038698684114121373
1.0		1.0		1.0		4		315000		0.0027376751518577583
1.0		2.0		1.0		-1		315000		0.0031553600450782834
1.0		2.0		1.0		1		315000		0.0026706812294404166
1.0		2.0		1.0		2		315000		0.002670681219048729
1.0		2.0		1.0		3		315000		0.00340274859904486
1.0		2.0		1.0		4		315000		0.002444502601480285
2.0		0.5		1.0		-1		315000		0.00361850054005345
2.0		0.5		1.0		1		315000		0.003041014691210937
2.0		0.5		1.0		2		315000		0.0030410146786447054
2.0		0.5		1.0		3		315000		0.0039216755199215775
2.0		0.5		1.0		4		315000		0.002768160309806684
2.0		1.0		1.0		-1		315000		0.0031636208407856666
2.0		1.0		1.0		1		315000		0.002680296004490952
2.0		1.0		1.0		2		315000		0.00268029599406142
2.0		1.0		1.0		3		315000		0.0034122691052317607
2.0		1.0		1.0		4		315000		0.0024519786459977692
2.0		2.0		1.0		-1		315000		0.0027963119865471444
2.0		2.0		1.0		1		315000		0.0023855914043973427
2.0		2.0		1.0		2		315000		0.002385591395600303
2.0		2.0		1.0		3		315000		0.003003904402239116
2.0		2.0		1.0		4		315000		0.0021917037178809952
1.0		1.0		1.0		-1		315000		0.003573827958816591
1.0		1.0		1.0		-1		315001		0.004635432745074137
1.0		1.0		1.0		-1		315002		0.003947133151212672
1.0		1.0		1.0		-1		315003		0.0033168373941154976
1.0		1.0		1.0		-1		315004		0.004295400321045855
1.0		1.0		1.0		-1		315005		0.0033227546243031316
1.0		1.0		1.0		-1		315006		0.003182828436663136
1.0		1.0		1.0		-1		315007		0.004327090921902388
1.0		1.0		1.0		-1		315008		0.0033523667167550714
1.0		1.0		1.0		-1		315009		0.0033564238263419817
1.0		1.0		1.0		-1		315010		0.003654989311639474
1.0		1.0		1.0		-1		315011		0.0038499854872941102
1.0		1.0		1.0		-1		315012		0.004063875440179705
1.0		1.0		1.0		-1		315013		0.004495549067955811
1.0		1.0		1.0		-1		315014		0.003543659718356883
1.0		1.0		1.0		-1		315015		0.003581919978446071
1.0		1.0		1.0		-1		315016		0.0034207207831126406
1.0		1.0		1.0		-1		315017		0.003258127949802563
1.0		1.0		1.0		-1		315018		0.003296298640168746
1.0		1.0		1.0		-1		315019		0.0035061959985665456
1.0		1.0		1.0		-1		315020		0.0031681555493594978
1.0		1.0		1.0		-1		315021		0.003334878113973445
1.0		1.0		1.0		-1		315022		0.003934752273889688
1.0		1.0		1.0		-1		315023		0.0033963408768122537
1.0		1.0		1.0		-1		315024		0.0044309097076872615
1.0		1.0		1.0		-1		315025		0.003462517979861113
1.0		1.0		1.0		-1		315026		0.003295536413640086
1.0		1.0		1.0		-1		315027		0.0037787793668094083
1.0		1.0		1.0		-1		315028		0.004226569751854274
1.0		1.0		1.0		-1		315029		0.004001664728760692
1.0		1.0		1.0		-1		315030		0.003890546561422256
1.0		1.0		1.0		-1		315031		0.003441915190858754
1.0		1.0		1.0		-1		315032		0.0042581719827175435
1.0		1.0		1.0		-1		315033		0.0036910869911259015
1.0		1.0		1.0		-1		315034		0.004119967242480013
1.0		1.0		1.0		-1		315035		0.003198022054600858
1.0		1.0		1.0		-1		315036		0.004287449949539973
1.0		1.0		1.0		-1		315037		0.004358777420882855
1.0		1.0		1.0		-1		315038		0.003911349584471707
1.0		1.0		1.0		-1		315039		0.0033643181644568013
1.0		1.0		1.0		-1		315040		0.004036698253504878
1.0		1.0		1.0		-1		315041		0.004143793549398507
1.0		1.0		1.0		-1		315042		0.0037589942505067164
1.0		1.0		1.0		-1		315043		0.0037890125526493083
1.0		1.0		1.0		-1		315044		0.00437275935870517
1.0		1.0		1.0		-1		315045		0.0038252971439176713
1.0		1.0		1.0		-1		315046		0.0032644258256258347
1.0		1.0		1.0		-1		315047		0.0030352629987776816
1.0		1.0		1.0		-1		315048		0.0033840762420471794
1.0		1.0		1.0		-1		315049		0.003212601545301327
1.0		1.0		1.0		-1		315050		0.0033914645030331267
1.0		1.0		1.0		-1		315051		0.0030867013166128447
1.0		1.0		1.0		-1		315052		0.003965469803305236
1.0		1.0		1.0		-1		315053		0.0036239719803550815
1.0		1.0		1.0		-1		315054		0.004753399915948741
1.0		1.0		1.0		-1		315055		0.003266340419167585
1.0		1.0		1.0		-1		315056		0.003909074832126
1.0		1.0		1.0		-1		315057		0.0037044811236773157
1.0		1.0		1.0		-1		315058		0.004549506374171488
1.0		1.0		1.0		-1		315059		0.004393595125540677
1.0		1.0		1.0		-1		315060		0.0043089668954705545
1.0		1.0		1.0		-1		315061		0.0035597057992587055
1.0		1.0		1.0		-1		315062		0.00331180244147389
1.0		1.0		1.0		-1		315063		0.0032673841373614936
1.0		1.0		1.0		-1		315064		0.0032410096886688715
1.0		1.0		1.0		-1		315065		0.00343749042304174
1.0		1.0		1.0		-1		315066		0.0034245030760249855
1.0		1.0		1.0		-1		315067		0.004150703732482586
1.0		1.0		1.0		-1		315068		0.004104371511562369
1.0		1.0		1.0		-1		315069		0.003342872735399518
1.0		1.0		1.0		-1		315070		0.004486633534239186
1.0		1.0		1.0		-1		315071		0.0031478374375503997
1.0		1.0		1.0		-1		315072		0.0034135254348691343
1.0		1.0		1.0		-1		315073		0.0038495765863688675
1.0		1.0		1.0		-1		315074		0.0041431600518689726
1.0		1.0		1.0		-1		315075		0.0032811083300885984
1.0		1.0		1.0		-1		315076		0.003808717795040567
1.0		1.0		1.0		-1		315077		0.0040262665442319144
1.0		1.0		1.0		-1		315078		0.004272593012471992
1.0		1.0		1.0		-1		315079		0.004177092598474614
1.0		1.0		1.0		-1		315080		0.003106107962792621
1.0		1.0		1.0		-1		315081		0.003163470883205308
1.0		1.0		1.0		-1		315082		0.003818091144046401
1.0		1.0		1.0		-1		315083		0.0032997565346553305
1.0		1.0		1.0		-1		315084		0.0040922763351078344
1.0		1.0		1.0		-1		315085		0.004299578226881618
1.0		1.0		1.0		-1		315086		0.0032336626631152628
1.0		1.0		1.0		-1		315087		0.004114698964716496
1.0		1.0		1.0		-1		315088		0.0032629609259756842
1.0		1.0		1.0		-1		315089		0.003239090602183128
1.0		1.0		1.0		-1		315090		0.0036736371123905712
1.0		1.0		1.0		-1		315091		0.0033446297026265377
1.0		1.0		1.0		-1		315092		0.0029967757487117564
1.0		1.0		1.0		-1		315093		0.00421577095847814
1.0		1.0		1.0		-1		315094		0.004070084128940086
1.0		1.0		1.0		-1		315095		0.004113863596385914
1.0		1.0		1.0		-1		315096		0.004265145579510881
1.0		1.0		1.0		-1		315097		0.0033079504410345735
1.0		1.0		1.0		-1		315098		0.003287637151093025
1.0		1.0		1.0		-1		315099		0.0030152614815172705
1.0		1.0		1.0		-1		315100		0.004252570778227038

#***************************************************************************
#
# original cross-section: 0.003573827958816591
#     scale variation: +31% -21.8%
#     central scheme variation: +8.28% -23.4%
# PDF variation: +12.7% -12.7%
#
# dynamical scheme # 1 : 0.0030039 +28.8% -20.6% # \sum ET
# dynamical scheme # 2 : 0.0030039 +28.8% -20.6% # \sum\sqrt{m^2+pt^2}
# dynamical scheme # 3 : 0.00386987 +32.3% -22.4% # 0.5 \sum\sqrt{m^2+pt^2}
# dynamical scheme # 4 : 0.00273768 +27.6% -19.9% # \sqrt{\hat s}
#***************************************************************************
