==== LHAPDF6 USING DEFAULT-TYPE LHAGLUE INTERFACE ====
LHAPDF 6.3.0 loading /panfs/accrepfs.vampire/home/gaglijt1/MG/MG5_aMC_v3_2_0/HEPTools/lhapdf6_py3//share/LHAPDF/NNPDF31_lo_as_0118/NNPDF31_lo_as_0118_0000.dat
NNPDF31_lo_as_0118 PDF set, member #0, version 1; LHAPDF ID = 315000
 Process in group number            1
 A PDF is used, so alpha_s(MZ) is going to be modified
 Old value of alpha_s from param_card:   0.11839999999999999     
 New value of alpha_s from PDF lhapdf :  0.11800204993169522     
 using LHAPDF
 Define smin to   500.00000000000000     
 Define smin to   500.00000000000000     
 Define smin to   500.00000000000000     
 Define smin to   500.00000000000000     
 *****************************************************
 *               MadGraph/MadEvent                   *
 *        --------------------------------           *
 *          http://madgraph.hep.uiuc.edu             *
 *          http://madgraph.phys.ucl.ac.be           *
 *          http://madgraph.roma2.infn.it            *
 *        --------------------------------           *
 *                                                   *
 *          PARAMETER AND COUPLING VALUES            *
 *                                                   *
 *****************************************************

  External Params
  ---------------------------------
  
 mdl_cabi =   0.22773599999999999     
 aEWM1 =    127.90000000000001     
 mdl_Gf =    1.1663700000000000E-005
 aS =   0.11839999999999999     
 mdl_ymt =    172.00000000000000     
 mdl_ymtau =    1.7769999999999999     
 mdl_lc =    1000.0000000000000     
 mdl_mpi =    1000.0000000000000     
 mdl_FPi53 =    1000.0000000000000     
 mdl_FPi13 =    0.0000000000000000     
 mdl_FPid23 =    0.0000000000000000     
 mdl_FPiu23 =    0.0000000000000000     
 mdl_cabi2 =   0.22773599999999999     
 mdl_MZ =    91.187600000000003     
 mdl_MM =   0.10566000000000000     
 mdl_MTA =    1.7769999999999999     
 mdl_MT =    172.00000000000000     
 mdl_MH =    120.00000000000000     
 mdl_WZ =    2.4952000000000001     
 mdl_WW =    2.0850000000000000     
 mdl_WT =    1.5083359999999999     
 mdl_WH =    5.7530880000000000E-003
 mdl_WPi53uno =    30.000000000000000     
 mdl_WPi13uno =    30.000000000000000     
 mdl_WPiu23uno =    30.000000000000000     
 mdl_WPid23uno =    30.000000000000000     
 mdl_WPi53due =    19.894369999999999     
 mdl_WPi13due =    30.000000000000000     
 mdl_WPiu23due =    30.000000000000000     
 mdl_WPid23due =    30.000000000000000     
 mdl_WPi53tre =    30.000000000000000     
 mdl_WPi13tre =    30.000000000000000     
 mdl_WPiu23tre =    30.000000000000000     
 mdl_WPid23tre =    30.000000000000000     
  Internal Params
  ---------------------------------
  
 mdl_cos__cabi =   0.97418004031982097     
 mdl_CKM1x1 =               (0.97418004031982097,0.0000000000000000)
 mdl_sin__cabi =   0.22577256042856930     
 mdl_CKM1x2 =               (0.22577256042856930,0.0000000000000000)
 mdl_CKM2x1 =              (-0.22577256042856930,0.0000000000000000)
 mdl_CKM2x2 =               (0.97418004031982097,0.0000000000000000)
 mdl_MassB =    1000.0000000000000     
 mdl_ONE1x1 =    1.0000000000000000     
 mdl_ONE1x2 =    1.0000000000000000     
 mdl_ONE1x3 =    1.0000000000000000     
 mdl_ONE2x1 =    1.0000000000000000     
 mdl_ONE2x2 =    1.0000000000000000     
 mdl_ONE2x3 =    1.0000000000000000     
 mdl_ONE3x1 =    1.0000000000000000     
 mdl_ONE3x2 =    1.0000000000000000     
 mdl_ONE3x3 =    1.0000000000000000     
 mdl_FPi13__exp__2 =    0.0000000000000000     
 mdl_lc__exp__2 =    1000000.0000000000     
 mdl_Ypi13 =    0.0000000000000000     
 mdl_FPi53__exp__2 =    1000000.0000000000     
 mdl_Ypi53 =    1.0000000000000000     
 mdl_FPid23__exp__2 =    0.0000000000000000     
 mdl_Ypid23 =    0.0000000000000000     
 mdl_FPiu23__exp__2 =    0.0000000000000000     
 mdl_Ypiu23 =    0.0000000000000000     
 mdl_MZ__exp__2 =    8315.1783937600012     
 mdl_MZ__exp__4 =    69142191.720053151     
 mdl_sqrt__2 =    1.4142135623730951     
 mdl_MH__exp__2 =    14400.000000000000     
 mdl_complexi =                (0.0000000000000000,1.0000000000000000)
 mdl_conjg__CKM1x1 =              (0.97418004031982097,-0.0000000000000000)
 mdl_conjg__CKM1x2 =              (0.22577256042856930,-0.0000000000000000)
 mdl_conjg__CKM2x1 =             (-0.22577256042856930,-0.0000000000000000)
 mdl_conjg__CKM2x2 =              (0.97418004031982097,-0.0000000000000000)
 mdl_aEW =    7.8186082877247844E-003
 mdl_MW =    79.824359746197842     
 mdl_sqrt__aEW =    8.8422894590285753E-002
 mdl_ee =   0.31345100004952897     
 mdl_MW__exp__2 =    6371.9284088904105     
 mdl_sw2 =   0.23369913342182447     
 mdl_cw =   0.87538612427783857     
 mdl_sqrt__sw2 =   0.48342438232036300     
 mdl_sw =   0.48342438232036300     
 mdl_g1 =   0.35807170271074895     
 mdl_gw =   0.64839716719502682     
 mdl_vev =    246.22056907348590     
 mdl_vev__exp__2 =    60624.568634871241     
 mdl_lam =   0.11876373163764767     
 mdl_yt =   0.98791394091683138     
 mdl_ytau =    1.0206529494239589E-002
 mdl_muH =    84.852813742385706     
 mdl_ee__exp__2 =    9.8251529432049817E-002
 mdl_sw__exp__2 =   0.23369913342182450     
 mdl_cw__exp__2 =   0.76630086657817542     
  Internal Params evaluated point by point
  ----------------------------------------
  
 mdl_sqrt__aS =   0.34409301068170506     
 mdl_G__exp__2 =    1.4878582807401259     
  Couplings of SheSheng_onlyLQ_diffCoup
  ---------------------------------
  
        GC_15 =  -0.00000E+00  -0.12198E+01
        GC_16 =   0.00000E+00   0.12198E+01
        GC_62 =   0.00000E+00   0.10000E+01
        GC_63 =   0.00000E+00   0.00000E+00

 Collider parameters:
 --------------------

 Running at P P   machine @    13000.000000000000       GeV
 PDF set = lhapdf 
 alpha_s(Mz)= 0.1180 running at 1 loops.
 alpha_s(Mz)= 0.1180 running at 1 loops.
 Renormalization scale set on event-by-event basis
 Factorization   scale set on event-by-event basis


 getting user params
Enter number of events and max and min iterations: 
 Number of events and iterations         1000           5           3
Enter desired fractional accuracy: 
 Desired fractional accuracy:   0.10000000000000001     
Enter 0 for fixed, 2 for adjustable grid: 
Suppress amplitude (0 no, 1 yes)? 
 Using suppressed amplitude.
Exact helicity sum (0 yes, n = number/event)? 
 Explicitly summing over helicities
Enter Configuration Number: 
Running Configuration Number:    1
 Not subdividing B.W.
 Attempting mappinvarients           1           5
 Determine nb_t
 T-channel found:            0
 Completed mapping           5
 about to integrate            7        1000           5           3           7           1
 Using non-zero grid deformation.
  7 dimensions   1000 events  7 invarients  5 iterations  1 config(s),  (0.99)
 Using h-tuple random number sequence.
 Error opening grid
 Using Uniform Grid!          20
 Using uniform alpha   1.0000000000000000     
 Grid defined OK
 Set CM energy to      13000.00
 Mapping Graph           1  to config           1
 Determine nb_t
 T-channel found:            0
 Setting BW          -1           1   1000.0000000000000     
Setting grid   2    0.80279E-07   1
 Transforming s_hat 1/s            6   4.7627173125685332E-003   500.00000000000000        168999999.99999997     
   1   1   2   3   4   5   6   7
 Masses: 0.000E+00 0.000E+00 0.106E+00 0.106E+00 0.000E+00
Using random seed offsets     1 :      1
  with seed                   24
 Ranmar initialization seeds       31059        9398
 
 ********************************************
 * You are using the DiscreteSampler module *
 *      part of the MG5_aMC framework       *
 *         Author: Valentin Hirschi         *
 ********************************************
 
  Particle       3       4       5
      Et >    10.0    10.0    10.0
       E >     0.0     0.0     0.0
     Eta <     2.5     2.5     5.0
   xqcut:      0.0     0.0     0.0
d R # 3  >    -0.0     0.4     0.4
d R # 4  >    -0.0    -0.0     0.4
s min # 3>     0.0     0.0     0.0
s min # 4>     0.0     0.0     0.0
xqcutij # 3>     0.0     0.0     0.0
xqcutij # 4>     0.0     0.0     0.0
 No cut BW           -1           1
 alpha_s for scale    467.01640889723200       is    9.5533513052840857E-002
 RESET CUMULATIVE VARIABLE
 Iteration  1   Mean: 0.5577E-04 Abs mean: 0.5577E-04   Fluctuation:  0.102E-04   0.411E-02    51.5%
  1    0.5577E-04 0.5577E-04 +- 0.1017E-04      5.76
 Writing out events   2.1661411647108247E-008   5.7637634005191707     
 Relative summed weights:
  0.1969E+00  0.4351E+00  0.0000E+00  0.0000E+00  0.0000E+00  0.0000E+00  0.0000E+00  0.0000E+00
  0.0000E+00  0.0000E+00  0.0000E+00  0.0000E+00  0.2484E+00  0.1196E+00  0.0000E+00  0.0000E+00
 Relative number of events:
  0.2676E+00  0.2607E+00  0.0000E+00  0.0000E+00  0.0000E+00  0.0000E+00  0.0000E+00  0.0000E+00
  0.0000E+00  0.0000E+00  0.0000E+00  0.0000E+00  0.2398E+00  0.2319E+00  0.0000E+00  0.0000E+00
 Events:
         270         263           0           0           0           0           0           0
           0           0           0           0         242         234           0           0
 Iteration  2   Mean: 0.5535E-04 Abs mean: 0.5535E-04   Fluctuation:  0.840E-05   0.148E-01    82.6%
  2    0.5535E-04 0.5535E-04 +- 0.8396E-05      6.78
 Relative summed weights:
  0.2374E+00  0.3258E+00  0.0000E+00  0.0000E+00  0.0000E+00  0.0000E+00  0.0000E+00  0.0000E+00
  0.0000E+00  0.0000E+00  0.0000E+00  0.0000E+00  0.2281E+00  0.2087E+00  0.0000E+00  0.0000E+00
 Relative number of events:
  0.2495E+00  0.2390E+00  0.0000E+00  0.0000E+00  0.0000E+00  0.0000E+00  0.0000E+00  0.0000E+00
  0.0000E+00  0.0000E+00  0.0000E+00  0.0000E+00  0.2515E+00  0.2600E+00  0.0000E+00  0.0000E+00
 Events:
         499         478           0           0           0           0           0           0
           0           0           0           0         503         520           0           0
 Iteration  3   Mean: 0.6174E-03 Abs mean: 0.6174E-03   Fluctuation:  0.550E-03   0.220E+01    90.4%
  3    0.6174E-03 0.6174E-03 +- 0.5501E-03     56.35
 Relative summed weights:
  0.2793E-01  0.2923E-01  0.0000E+00  0.0000E+00  0.0000E+00  0.0000E+00  0.0000E+00  0.0000E+00
  0.0000E+00  0.0000E+00  0.0000E+00  0.0000E+00  0.9137E+00  0.2912E-01  0.0000E+00  0.0000E+00
 Relative number of events:
  0.2492E+00  0.2532E+00  0.0000E+00  0.0000E+00  0.0000E+00  0.0000E+00  0.0000E+00  0.0000E+00
  0.0000E+00  0.0000E+00  0.0000E+00  0.0000E+00  0.2530E+00  0.2445E+00  0.0000E+00  0.0000E+00
 Events:
         997        1013           0           0           0           0           0           0
           0           0           0           0        1012         978           0           0
 Accuracy:    0.787   0.100   0.116  46.295
 Found          358  events.
 Wrote            1  events.
 Actual xsec    6.4980858912568691E-005
 Correct abs xsec    6.4980858912568691E-005
 Event xsec    6.4980858912568691E-005
 Events wgts > 1:            0
 % Cross section > 1:    0.0000000000000000        0.0000000000000000     
 Iteration  4   Mean: 0.1370E-03 Abs mean: 0.1370E-03   Fluctuation:  0.263E-04   0.150E+00    92.7%
  4    0.1370E-03 0.1370E-03 +- 0.2625E-04     17.14
 Relative summed weights:
  0.2558E+00  0.3959E+00  0.0000E+00  0.0000E+00  0.0000E+00  0.0000E+00  0.0000E+00  0.0000E+00
  0.0000E+00  0.0000E+00  0.0000E+00  0.0000E+00  0.1673E+00  0.1810E+00  0.0000E+00  0.0000E+00
 Relative number of events:
  0.2494E+00  0.2455E+00  0.0000E+00  0.0000E+00  0.0000E+00  0.0000E+00  0.0000E+00  0.0000E+00
  0.0000E+00  0.0000E+00  0.0000E+00  0.0000E+00  0.2515E+00  0.2536E+00  0.0000E+00  0.0000E+00
 Events:
        1995        1964           0           0           0           0           0           0
           0           0           0           0        2012        2029           0           0
 Accuracy:    0.477   0.100   0.099  23.251
 Found           83  events.
 Wrote            6  events.
 Actual xsec    9.6090552912164929E-005
 Correct abs xsec    9.6090552912164929E-005
 Event xsec    9.6090552912164929E-005
 Events wgts > 1:            1
 % Cross section > 1:    6.4082789232424234E-014   6.6689999474767770E-008
 Iteration  5   Mean: 0.1736E-03 Abs mean: 0.1736E-03   Fluctuation:  0.175E-04   0.230E+00    90.8%
  5    0.1736E-03 0.1736E-03 +- 0.1748E-04     12.73
 Relative summed weights:
  0.2220E+00  0.2054E+00  0.0000E+00  0.0000E+00  0.0000E+00  0.0000E+00  0.0000E+00  0.0000E+00
  0.0000E+00  0.0000E+00  0.0000E+00  0.0000E+00  0.2955E+00  0.2771E+00  0.0000E+00  0.0000E+00
Thanks for using LHAPDF 6.3.0. Please make sure to cite the paper:
  Eur.Phys.J. C75 (2015) 3, 132  (http://arxiv.org/abs/1412.7420)
 Relative number of events:
  0.2494E+00  0.2476E+00  0.0000E+00  0.0000E+00  0.0000E+00  0.0000E+00  0.0000E+00  0.0000E+00
  0.0000E+00  0.0000E+00  0.0000E+00  0.0000E+00  0.2589E+00  0.2441E+00  0.0000E+00  0.0000E+00
 Events:
        3991        3961           0           0           0           0           0           0
           0           0           0           0        4143        3905           0           0
 Accuracy:    0.261   0.100   0.071  13.632
 Found         1208  events.
 Wrote           16  events.
 Actual xsec    1.7018624134636559E-004
 Correct abs xsec    1.7018624134636559E-004
 Event xsec    1.7018624134636559E-004
 Events wgts > 1:            0
 % Cross section > 1:    0.0000000000000000        0.0000000000000000     

 -------------------------------------------------------------------------------
 Accumulated results:   Integral =  0.1282E-03
                        Std dev  =  0.9046E-05
                       Cross sec =  0.1282E-03
             Chi**2 per DoF.     =     13.6325
 -------------------------------------------------------------------------------
-------------------------------------------------
---------------------------
 Results Last   3 iters: Integral =   0.1702E-03
                     Abs integral =   0.1702E-03
                          Std dev =   0.1509E-04
                  Chi**2 per DoF. =      1.1494
-------------------------------------------------
---------------------------
 Status  0.10000000000000001                6           5

ls status:
events.lhe
ftn26
input_app.txt
results.dat
run1_app.log
