# mur		muf		alpsfact	dynamical_scale	pdf		cross-section
1.0		1.0		1.0		-1		247000		0.0049111577999798725
0.5		0.5		1.0		-1		247000		0.0058060746029266206
0.5		0.5		1.0		1		247000		0.00551139654460008
0.5		0.5		1.0		2		247000		0.005511396496894972
0.5		0.5		1.0		3		247000		0.006530831634945358
0.5		0.5		1.0		4		247000		0.005136716229772756
0.5		1.0		1.0		-1		247000		0.005320306852109493
0.5		1.0		1.0		1		247000		0.0050552691408103
0.5		1.0		1.0		2		247000		0.00505526909564651
0.5		1.0		1.0		3		247000		0.005991588937564995
0.5		1.0		1.0		4		247000		0.004713161116026215
0.5		2.0		1.0		-1		247000		0.0048826705565543395
0.5		2.0		1.0		1		247000		0.004642962437645146
0.5		2.0		1.0		2		247000		0.004642962395594798
0.5		2.0		1.0		3		247000		0.005495971824138445
0.5		2.0		1.0		4		247000		0.004331889806985714
1.0		0.5		1.0		-1		247000		0.0053597396565235175
1.0		0.5		1.0		1		247000		0.005104466983588969
1.0		0.5		1.0		2		247000		0.0051044669418709825
1.0		0.5		1.0		3		247000		0.006007796460922045
1.0		0.5		1.0		4		247000		0.004769852916196623
1.0		1.0		1.0		1		247000		0.004681860084632567
1.0		1.0		1.0		2		247000		0.004681860045118919
1.0		1.0		1.0		3		247000		0.005511396496894972
1.0		1.0		1.0		4		247000		0.004376431201952752
1.0		2.0		1.0		-1		247000		0.004507048628332696
1.0		2.0		1.0		1		247000		0.00429989017456936
1.0		2.0		1.0		2		247000		0.00429989013778502
1.0		2.0		1.0		3		247000		0.00505526909564651
1.0		2.0		1.0		4		247000		0.00402230455272321
2.0		0.5		1.0		-1		247000		0.004977168838896129
2.0		0.5		1.0		1		247000		0.004753737632660274
2.0		0.5		1.0		2		247000		0.004753737595532064
2.0		0.5		1.0		3		247000		0.005564462408677149
2.0		0.5		1.0		4		247000		0.004451918357652406
2.0		1.0		1.0		-1		247000		0.004560481129436332
2.0		1.0		1.0		1		247000		0.004360045819674865
2.0		1.0		1.0		2		247000		0.0043600457844953705
2.0		1.0		1.0		3		247000		0.0051044669418709825
2.0		1.0		1.0		4		247000		0.00408462542119946
2.0		2.0		1.0		-1		247000		0.004185124605474871
2.0		2.0		1.0		1		247000		0.004004238258673444
2.0		2.0		1.0		2		247000		0.004004238225928612
2.0		2.0		1.0		3		247000		0.004681860045118919
2.0		2.0		1.0		4		247000		0.0037540336166617815
1.0		1.0		1.0		-1		247000		0.0049111577999798725
1.0		1.0		1.0		-1		247001		0.005235371123082418
1.0		1.0		1.0		-1		247002		0.005535881616122188
1.0		1.0		1.0		-1		247003		0.004985875598898782
1.0		1.0		1.0		-1		247004		0.004376631232711952
1.0		1.0		1.0		-1		247005		0.006970292541142088
1.0		1.0		1.0		-1		247006		0.0046557985489794245
1.0		1.0		1.0		-1		247007		0.004432858173766309
1.0		1.0		1.0		-1		247008		0.005015102261824718
1.0		1.0		1.0		-1		247009		0.005252316636746933
1.0		1.0		1.0		-1		247010		0.0055105046538847435
1.0		1.0		1.0		-1		247011		0.004314995180656155
1.0		1.0		1.0		-1		247012		0.005347863513176205
1.0		1.0		1.0		-1		247013		0.0041334558354706175
1.0		1.0		1.0		-1		247014		0.005639751052502109
1.0		1.0		1.0		-1		247015		0.004983797218691909
1.0		1.0		1.0		-1		247016		0.003595541129045357
1.0		1.0		1.0		-1		247017		0.004405642966800479
1.0		1.0		1.0		-1		247018		0.005220139564250471
1.0		1.0		1.0		-1		247019		0.004742754169677842
1.0		1.0		1.0		-1		247020		0.004534745010354538
1.0		1.0		1.0		-1		247021		0.004957079405919791
1.0		1.0		1.0		-1		247022		0.004884982843714119
1.0		1.0		1.0		-1		247023		0.006927153672932724
1.0		1.0		1.0		-1		247024		0.005748332231708963
1.0		1.0		1.0		-1		247025		0.005657887880310414
1.0		1.0		1.0		-1		247026		0.004452866035969931
1.0		1.0		1.0		-1		247027		0.003954827380068928
1.0		1.0		1.0		-1		247028		0.004181421826803902
1.0		1.0		1.0		-1		247029		0.006395532258937116
1.0		1.0		1.0		-1		247030		0.0057174597992160955
1.0		1.0		1.0		-1		247031		0.004890211495852934
1.0		1.0		1.0		-1		247032		0.004528269732139927
1.0		1.0		1.0		-1		247033		0.003940754167596285
1.0		1.0		1.0		-1		247034		0.005421080164004701
1.0		1.0		1.0		-1		247035		0.0039460823479576645
1.0		1.0		1.0		-1		247036		0.0050812222000776765
1.0		1.0		1.0		-1		247037		0.00462534264648999
1.0		1.0		1.0		-1		247038		0.005013285256222291
1.0		1.0		1.0		-1		247039		0.0048398804140222336
1.0		1.0		1.0		-1		247040		0.004412655079483959
1.0		1.0		1.0		-1		247041		0.005312418364498205
1.0		1.0		1.0		-1		247042		0.004807728799724517
1.0		1.0		1.0		-1		247043		0.0050442704562097115
1.0		1.0		1.0		-1		247044		0.003895954687513377
1.0		1.0		1.0		-1		247045		0.004454071963125415
1.0		1.0		1.0		-1		247046		0.004055180475434425
1.0		1.0		1.0		-1		247047		0.004061552678727469
1.0		1.0		1.0		-1		247048		0.00514603212084798
1.0		1.0		1.0		-1		247049		0.004168618447981673
1.0		1.0		1.0		-1		247050		0.00505607028990261
1.0		1.0		1.0		-1		247051		0.005403635984498792
1.0		1.0		1.0		-1		247052		0.004225812474602337
1.0		1.0		1.0		-1		247053		0.005551289289576212
1.0		1.0		1.0		-1		247054		0.003813658837525167
1.0		1.0		1.0		-1		247055		0.003200646504354902
1.0		1.0		1.0		-1		247056		0.006552262027749717
1.0		1.0		1.0		-1		247057		0.006125238380754049
1.0		1.0		1.0		-1		247058		0.004832865902303548
1.0		1.0		1.0		-1		247059		0.005443410452364164
1.0		1.0		1.0		-1		247060		0.005016297186575678
1.0		1.0		1.0		-1		247061		0.004335520800987459
1.0		1.0		1.0		-1		247062		0.004490414800554776
1.0		1.0		1.0		-1		247063		0.004029527490944821
1.0		1.0		1.0		-1		247064		0.004628848776440299
1.0		1.0		1.0		-1		247065		0.004156551438278104
1.0		1.0		1.0		-1		247066		0.00456589837792533
1.0		1.0		1.0		-1		247067		0.004838287573245565
1.0		1.0		1.0		-1		247068		0.0051370123091262114
1.0		1.0		1.0		-1		247069		0.0045188197789863506
1.0		1.0		1.0		-1		247070		0.004232000103544367
1.0		1.0		1.0		-1		247071		0.005919239329657363
1.0		1.0		1.0		-1		247072		0.004843677815584702
1.0		1.0		1.0		-1		247073		0.0053895237759220725
1.0		1.0		1.0		-1		247074		0.00520175979620289
1.0		1.0		1.0		-1		247075		0.004656213673401503
1.0		1.0		1.0		-1		247076		0.004576181752587764
1.0		1.0		1.0		-1		247077		0.004636516990052558
1.0		1.0		1.0		-1		247078		0.004648250030007354
1.0		1.0		1.0		-1		247079		0.006166704920733089
1.0		1.0		1.0		-1		247080		0.007334981614116863
1.0		1.0		1.0		-1		247081		0.004933726375974931
1.0		1.0		1.0		-1		247082		0.00477522026998396
1.0		1.0		1.0		-1		247083		0.004444924883317175
1.0		1.0		1.0		-1		247084		0.005233212543045055
1.0		1.0		1.0		-1		247085		0.00479596824343858
1.0		1.0		1.0		-1		247086		0.004453196221643499
1.0		1.0		1.0		-1		247087		0.005613789200997178
1.0		1.0		1.0		-1		247088		0.005638857035439695
1.0		1.0		1.0		-1		247089		0.005318980249489373
1.0		1.0		1.0		-1		247090		0.004687693230884733
1.0		1.0		1.0		-1		247091		0.006197261432589447
1.0		1.0		1.0		-1		247092		0.005336119110676154
1.0		1.0		1.0		-1		247093		0.005351714028635995
1.0		1.0		1.0		-1		247094		0.005269454994020185
1.0		1.0		1.0		-1		247095		0.00472394040719831
1.0		1.0		1.0		-1		247096		0.006098289528467421
1.0		1.0		1.0		-1		247097		0.00282486801902038
1.0		1.0		1.0		-1		247098		0.00518543281214566
1.0		1.0		1.0		-1		247099		0.00419210795981699
1.0		1.0		1.0		-1		247100		0.0044140525391828285

#***************************************************************************
#
# original cross-section: 0.0049111577999798725
#     scale variation: +18.2% -14.8%
#     central scheme variation: +12.2% -10.9%
# PDF variation: +15.6% -15.6%
#
# dynamical scheme # 1 : 0.00468186 +17.7% -14.5% # \sum ET
# dynamical scheme # 2 : 0.00468186 +17.7% -14.5% # \sum\sqrt{m^2+pt^2}
# dynamical scheme # 3 : 0.0055114 +18.5% -15.1% # 0.5 \sum\sqrt{m^2+pt^2}
# dynamical scheme # 4 : 0.00437643 +17.4% -14.2% # \sqrt{\hat s}
#***************************************************************************
